<?xml version="1.0" encoding="UTF-8"?>
<!-- Generated by org.testng.reporters.JUnitXMLReporter -->
<testsuite hostname="LAPTOP-KFKBTHVD" name="Test Grouping" tests="4" failures="1" timestamp="13 Mar 2018 00:54:29 GMT" time="0.057" errors="0">
  <testcase name="Car1" time="0.009" classname="testNG_Examples.Group_Test"/>
  <testcase name="Car2" time="0.002" classname="testNG_Examples.Group_Test"/>
  <testcase name="Sedan1" time="0.002" classname="testNG_Examples.Group_Test"/>
  <testcase name="testTestAnnotation" time="0.002" classname="testNG_Examples.HelloWorld">
    <failure type="java.lang.IllegalArgumentException" message="Final speed can not be less than zero">
      <![CDATA[java.lang.IllegalArgumentException: Final speed can not be less than zero
	at testNG_Examples.HelloWorld.testTestAnnotation(HelloWorld.java:11)
... Removed 24 stack frames]]>
    </failure>
  </testcase>
</testsuite>
