<?xml version="1.0" encoding="UTF-8"?>
<testng-results skipped="0" failed="0" total="1" passed="1">
  <reporter-output>
    <line>
      <![CDATA[<div "featureFile">Feature File: toolsqa.feature</div>]]>
    </line>
    <line>
      <![CDATA[<div "feature">Feature: Testing on toolsQA site</div>]]>
    </line>
    <line>
      <![CDATA[<div "scenario">Scenario: Testing on toolsQA site</div>]]>
    </line>
    <line>
      <![CDATA[<div "result">Given  Login And User Enters &quot;FireFox&quot; (passed : 9s)</div>]]>
    </line>
    <line>
      <![CDATA[<div "result">When  PerformOnToolsQAPage (passed : 19s)</div>]]>
    </line>
  </reporter-output>
  <suite name="Command line suite" duration-ms="29889" started-at="2017-09-04T15:38:12Z" finished-at="2017-09-04T15:38:42Z">
    <groups>
      <group name="cucumber">
        <method signature="AbstractTestNGCucumberTests.run_cukes()[pri:0, instance:runnerPackage.TestRunner@1f97cf0d]" name="run_cukes" class="cucumber.api.testng.AbstractTestNGCucumberTests"/>
      </group> <!-- cucumber -->
    </groups>
    <test name="Command line test" duration-ms="29889" started-at="2017-09-04T15:38:12Z" finished-at="2017-09-04T15:38:42Z">
      <class name="runnerPackage.TestRunner">
        <test-method status="PASS" signature="run_cukes()[pri:0, instance:runnerPackage.TestRunner@1f97cf0d]" name="run_cukes" duration-ms="29879" started-at="2017-09-04T11:38:12Z" description="Runs Cucumber Features" finished-at="2017-09-04T11:38:42Z">
          <reporter-output>
            <line>
              <![CDATA[<div "featureFile">Feature File: toolsqa.feature</div>]]>
            </line>
            <line>
              <![CDATA[<div "feature">Feature: Testing on toolsQA site</div>]]>
            </line>
            <line>
              <![CDATA[<div "scenario">Scenario: Testing on toolsQA site</div>]]>
            </line>
            <line>
              <![CDATA[<div "result">Given  Login And User Enters &quot;FireFox&quot; (passed : 9s)</div>]]>
            </line>
            <line>
              <![CDATA[<div "result">When  PerformOnToolsQAPage (passed : 19s)</div>]]>
            </line>
          </reporter-output>
        </test-method> <!-- run_cukes -->
      </class> <!-- runnerPackage.TestRunner -->
    </test> <!-- Command line test -->
  </suite> <!-- Command line suite -->
</testng-results>
