<?xml version="1.0" encoding="UTF-8"?>
<testng-results skipped="0" failed="1" total="2" passed="1">
  <reporter-output>
    <line>
      <![CDATA[<div "featureFile">Feature File: PA.feature</div>]]>
    </line>
    <line>
      <![CDATA[<div "feature">Feature: Title of your feature</div>]]>
    </line>
    <line>
      <![CDATA[<div "scenario">Scenario: Practice Automation</div>]]>
    </line>
    <line>
      <![CDATA[<div "result">Given  Login (passed : 15s)</div>]]>
    </line>
    <line>
      <![CDATA[<div "result">When  performOnPage (failed : 0s)</div>]]>
    </line>
  </reporter-output>
  <suite name="Command line suite" duration-ms="45231" started-at="2017-08-27T18:24:12Z" finished-at="2017-08-27T18:24:58Z">
    <groups>
      <group name="cucumber">
        <method signature="AbstractTestNGCucumberTests.run_cukes()[pri:0, instance:runnerPackage.TestRunner@45b4c3a9]" name="run_cukes" class="cucumber.api.testng.AbstractTestNGCucumberTests"/>
      </group> <!-- cucumber -->
    </groups>
    <test name="Command line test" duration-ms="45231" started-at="2017-08-27T18:24:12Z" finished-at="2017-08-27T18:24:58Z">
      <class name="tests.Practice_Automation_ToolsQA_Test">
        <test-method status="PASS" signature="automationPractice()[pri:0, instance:tests.Practice_Automation_ToolsQA_Test@385e9564]" name="automationPractice" duration-ms="29234" started-at="2017-08-27T14:24:28Z" finished-at="2017-08-27T14:24:58Z">
          <reporter-output>
          </reporter-output>
        </test-method> <!-- automationPractice -->
      </class> <!-- tests.Practice_Automation_ToolsQA_Test -->
      <class name="runnerPackage.TestRunner">
        <test-method status="FAIL" signature="run_cukes()[pri:0, instance:runnerPackage.TestRunner@45b4c3a9]" name="run_cukes" duration-ms="15976" started-at="2017-08-27T14:24:12Z" description="Runs Cucumber Features" finished-at="2017-08-27T14:24:28Z">
          <exception class="cucumber.runtime.CucumberException">
            <message>
              <![CDATA[java.lang.NullPointerException]]>
            </message>
            <full-stacktrace>
              <![CDATA[cucumber.runtime.CucumberException: java.lang.NullPointerException
	at cucumber.api.testng.AbstractTestNGCucumberTests.run_cukes(AbstractTestNGCucumberTests.java:41)
	at sun.reflect.NativeMethodAccessorImpl.invoke0(Native Method)
	at sun.reflect.NativeMethodAccessorImpl.invoke(NativeMethodAccessorImpl.java:62)
	at sun.reflect.DelegatingMethodAccessorImpl.invoke(DelegatingMethodAccessorImpl.java:43)
	at java.lang.reflect.Method.invoke(Method.java:498)
	at org.testng.internal.MethodInvocationHelper.invokeMethod(MethodInvocationHelper.java:85)
	at org.testng.internal.MethodInvocationHelper$1.runTestMethod(MethodInvocationHelper.java:196)
	at cucumber.api.testng.AbstractTestNGCucumberTests.run(AbstractTestNGCucumberTests.java:47)
	at org.testng.internal.MethodInvocationHelper.invokeHookable(MethodInvocationHelper.java:208)
	at org.testng.internal.Invoker.invokeMethod(Invoker.java:635)
	at org.testng.internal.Invoker.invokeTestMethod(Invoker.java:816)
	at org.testng.internal.Invoker.invokeTestMethods(Invoker.java:1124)
	at org.testng.internal.TestMethodWorker.invokeTestMethods(TestMethodWorker.java:125)
	at org.testng.internal.TestMethodWorker.run(TestMethodWorker.java:108)
	at org.testng.TestRunner.privateRun(TestRunner.java:774)
	at org.testng.TestRunner.run(TestRunner.java:624)
	at org.testng.SuiteRunner.runTest(SuiteRunner.java:359)
	at org.testng.SuiteRunner.runSequentially(SuiteRunner.java:354)
	at org.testng.SuiteRunner.privateRun(SuiteRunner.java:312)
	at org.testng.SuiteRunner.run(SuiteRunner.java:261)
	at org.testng.SuiteRunnerWorker.runSuite(SuiteRunnerWorker.java:52)
	at org.testng.SuiteRunnerWorker.run(SuiteRunnerWorker.java:86)
	at org.testng.TestNG.runSuitesSequentially(TestNG.java:1191)
	at org.testng.TestNG.runSuitesLocally(TestNG.java:1116)
	at org.testng.TestNG.run(TestNG.java:1024)
	at org.apache.maven.surefire.testng.TestNGExecutor.run(TestNGExecutor.java:77)
	at org.apache.maven.surefire.testng.TestNGDirectoryTestSuite.executeMulti(TestNGDirectoryTestSuite.java:159)
	at org.apache.maven.surefire.testng.TestNGDirectoryTestSuite.execute(TestNGDirectoryTestSuite.java:99)
	at org.apache.maven.surefire.testng.TestNGProvider.invoke(TestNGProvider.java:106)
	at sun.reflect.NativeMethodAccessorImpl.invoke0(Native Method)
	at sun.reflect.NativeMethodAccessorImpl.invoke(NativeMethodAccessorImpl.java:62)
	at sun.reflect.DelegatingMethodAccessorImpl.invoke(DelegatingMethodAccessorImpl.java:43)
	at java.lang.reflect.Method.invoke(Method.java:498)
	at org.apache.maven.surefire.util.ReflectionUtils.invokeMethodWithArray(ReflectionUtils.java:189)
	at org.apache.maven.surefire.booter.ProviderFactory$ProviderProxy.invoke(ProviderFactory.java:165)
	at org.apache.maven.surefire.booter.ProviderFactory.invokeProvider(ProviderFactory.java:85)
	at org.apache.maven.surefire.booter.ForkedBooter.runSuitesInProcess(ForkedBooter.java:115)
	at org.apache.maven.surefire.booter.ForkedBooter.main(ForkedBooter.java:75)
Caused by: java.lang.NullPointerException
	at pages_Repository.Practice_Automation_ToolsQA_Repo.setFirstName(Practice_Automation_ToolsQA_Repo.java:47)
	at stepDef.Practice_Automation_ToolsQA_StepDef.performOnPage(Practice_Automation_ToolsQA_StepDef.java:95)
	at ✽.When performOnPage(PA.feature:24)
]]>
            </full-stacktrace>
          </exception> <!-- cucumber.runtime.CucumberException -->
          <reporter-output>
            <line>
              <![CDATA[<div "featureFile">Feature File: PA.feature</div>]]>
            </line>
            <line>
              <![CDATA[<div "feature">Feature: Title of your feature</div>]]>
            </line>
            <line>
              <![CDATA[<div "scenario">Scenario: Practice Automation</div>]]>
            </line>
            <line>
              <![CDATA[<div "result">Given  Login (passed : 15s)</div>]]>
            </line>
            <line>
              <![CDATA[<div "result">When  performOnPage (failed : 0s)</div>]]>
            </line>
          </reporter-output>
        </test-method> <!-- run_cukes -->
      </class> <!-- runnerPackage.TestRunner -->
    </test> <!-- Command line test -->
  </suite> <!-- Command line suite -->
</testng-results>
