<?xml version="1.0" encoding="UTF-8"?>
<!-- Generated by org.testng.reporters.JUnitXMLReporter -->
<testsuite hostname="LAPTOP-KFKBTHVD" name="Default test" tests="3" failures="0" timestamp="25 Dec 2017 23:16:07 GMT" time="4.708" errors="0">
  <testcase name="EA_StepDef1" time="2.772" classname="stepDefinition.EA_StepDef"/>
  <testcase name="Login" time="1.499" classname="stepDefinition.EA_StepDef"/>
  <testcase name="perform" time="0.415" classname="stepDefinition.EA_StepDef"/>
</testsuite> <!-- Default test -->
