<?xml version="1.0" encoding="UTF-8"?>
<!-- Generated by org.testng.reporters.JUnitXMLReporter -->
<testsuite hostname="LAPTOP-KFKBTHVD" name="Default test" tests="2" failures="0" timestamp="27 Dec 2016 23:30:38 GMT" time="0.033" errors="0">
  <testcase name="runTest1" time="0.005" classname="com.testng.practice.testng.annotations.TestNgAnnotations_Practice"/>
  <testcase name="runTest2" time="0.002" classname="com.testng.practice.testng.annotations.TestNgAnnotations_Practice"/>
</testsuite> <!-- Default test -->
