<?xml version="1.0" encoding="UTF-8"?>
<testng-results skipped="0" failed="0" total="2" passed="2">
  <reporter-output>
  </reporter-output>
  <suite name="runnerPackage.TestRunner" duration-ms="3287" started-at="2017-12-25T21:13:16Z" finished-at="2017-12-25T21:13:19Z">
    <groups>
      <group name="cucumber">
        <method signature="AbstractTestNGCucumberTests.feature(cucumber.api.testng.CucumberFeatureWrapper)[pri:0, instance:runnerPackage.TestRunner@12843fce]" name="feature" class="cucumber.api.testng.AbstractTestNGCucumberTests"/>
      </group> <!-- cucumber -->
    </groups>
    <test name="Command line test" duration-ms="3287" started-at="2017-12-25T21:13:16Z" finished-at="2017-12-25T21:13:19Z">
      <class name="runnerPackage.TestRunner">
        <test-method status="PASS" signature="setUpClass()[pri:0, instance:runnerPackage.TestRunner@12843fce]" name="setUpClass" is-config="true" duration-ms="236" started-at="2017-12-25T16:13:16Z" finished-at="2017-12-25T16:13:16Z">
          <reporter-output>
          </reporter-output>
        </test-method> <!-- setUpClass -->
        <test-method status="PASS" signature="feature(cucumber.api.testng.CucumberFeatureWrapper)[pri:0, instance:runnerPackage.TestRunner@12843fce]" name="feature" duration-ms="2925" started-at="2017-12-25T16:13:16Z" description="Runs Cucumber Feature" data-provider="features" finished-at="2017-12-25T16:13:19Z">
          <params>
            <param index="0">
              <value>
                <![CDATA[Testing on Execute Automation Demo site]]>
              </value>
            </param>
          </params>
          <reporter-output>
          </reporter-output>
        </test-method> <!-- feature -->
        <test-method status="PASS" signature="feature(cucumber.api.testng.CucumberFeatureWrapper)[pri:0, instance:runnerPackage.TestRunner@12843fce]" name="feature" duration-ms="11" started-at="2017-12-25T16:13:19Z" description="Runs Cucumber Feature" data-provider="features" finished-at="2017-12-25T16:13:19Z">
          <params>
            <param index="0">
              <value>
                <![CDATA[Testing on Execute Automation Demo site]]>
              </value>
            </param>
          </params>
          <reporter-output>
          </reporter-output>
        </test-method> <!-- feature -->
        <test-method status="PASS" signature="tearDownClass()[pri:0, instance:runnerPackage.TestRunner@12843fce]" name="tearDownClass" is-config="true" duration-ms="27" started-at="2017-12-25T16:13:19Z" finished-at="2017-12-25T16:13:19Z">
          <reporter-output>
          </reporter-output>
        </test-method> <!-- tearDownClass -->
      </class> <!-- runnerPackage.TestRunner -->
    </test> <!-- Command line test -->
  </suite> <!-- runnerPackage.TestRunner -->
</testng-results>
