<?xml version="1.0" encoding="UTF-8"?>
<!-- Generated by org.testng.reporters.JUnitXMLReporter -->
<testsuite hostname="LAPTOP-KFKBTHVD" name="FireFox-Test" tests="2" failures="0" timestamp="23 Dec 2017 03:58:27 GMT" time="51.035" errors="0">
  <testcase name="automationPractice" time="39.687" classname="stepDefinition.Practice_Automation_ToolsQA_StepDef"/>
  <testcase name="performOnPage" time="11.316" classname="stepDefinition.Practice_Automation_ToolsQA_StepDef"/>
</testsuite> <!-- FireFox-Test -->
