<?xml version="1.0" encoding="UTF-8"?>
<!-- Generated by org.testng.reporters.JUnitXMLReporter -->
<testsuite hostname="LAPTOP-KFKBTHVD" name="Default test" tests="12" failures="0" timestamp="25 Dec 2017 17:12:15 GMT" time="7.722" errors="0">
  <testcase name="user_is_on_Home_Page" time="5.786" classname="stepDefinition.EA_StepDef"/>
  <testcase name="user_Navigate_to_LogIn_Page" time="0.024" classname="stepDefinition.EA_StepDef"/>
  <testcase name="user_enters_UserName_and_Password" time="1.272" classname="stepDefinition.EA_StepDef"/>
  <testcase name="message_displayed_Login_Successfully" time="0.017" classname="stepDefinition.EA_StepDef"/>
  <testcase name="verifyPage" time="0.013" classname="stepDefinition.EA_StepDef"/>
  <testcase name="selectTitile" time="0.344" classname="stepDefinition.EA_StepDef"/>
  <testcase name="setInitial" time="0.04" classname="stepDefinition.EA_StepDef"/>
  <testcase name="setFirstName" time="0.042" classname="stepDefinition.EA_StepDef"/>
  <testcase name="setMiddleName" time="0.038" classname="stepDefinition.EA_StepDef"/>
  <testcase name="selectSex" time="0.04" classname="stepDefinition.EA_StepDef"/>
  <testcase name="selectLanguage" time="0.028" classname="stepDefinition.EA_StepDef"/>
  <testcase name="clickSave" time="0.031" classname="stepDefinition.EA_StepDef"/>
</testsuite> <!-- Default test -->
