<?xml version="1.0" encoding="UTF-8"?>
<testng-results skipped="0" failed="0" total="1" passed="1">
  <reporter-output>
    <line>
      <![CDATA[<div "featureFile">Feature File: PA.feature</div>]]>
    </line>
    <line>
      <![CDATA[<div "feature">Feature: Title of your feature</div>]]>
    </line>
    <line>
      <![CDATA[<div "scenario">Scenario: Practice Automation</div>]]>
    </line>
    <line>
      <![CDATA[<div "result">Given  Login (passed : 17s)</div>]]>
    </line>
    <line>
      <![CDATA[<div "result">When  performOnPage (passed : 55s)</div>]]>
    </line>
  </reporter-output>
  <suite name="Suite" duration-ms="73073" started-at="2017-08-27T18:50:59Z" finished-at="2017-08-27T18:52:12Z">
    <groups>
      <group name="cucumber">
        <method signature="AbstractTestNGCucumberTests.run_cukes()[pri:0, instance:runnerPackage.TestRunner@1c481ff2]" name="run_cukes" class="cucumber.api.testng.AbstractTestNGCucumberTests"/>
      </group> <!-- cucumber -->
    </groups>
    <test name="Cucumber_Demo" duration-ms="73073" started-at="2017-08-27T18:50:59Z" finished-at="2017-08-27T18:52:12Z">
      <class name="runnerPackage.TestRunner">
        <test-method status="PASS" signature="run_cukes()[pri:0, instance:runnerPackage.TestRunner@1c481ff2]" name="run_cukes" duration-ms="73050" started-at="2017-08-27T14:50:59Z" description="Runs Cucumber Features" finished-at="2017-08-27T14:52:12Z">
          <reporter-output>
            <line>
              <![CDATA[<div "featureFile">Feature File: PA.feature</div>]]>
            </line>
            <line>
              <![CDATA[<div "feature">Feature: Title of your feature</div>]]>
            </line>
            <line>
              <![CDATA[<div "scenario">Scenario: Practice Automation</div>]]>
            </line>
            <line>
              <![CDATA[<div "result">Given  Login (passed : 17s)</div>]]>
            </line>
            <line>
              <![CDATA[<div "result">When  performOnPage (passed : 55s)</div>]]>
            </line>
          </reporter-output>
        </test-method> <!-- run_cukes -->
      </class> <!-- runnerPackage.TestRunner -->
    </test> <!-- Cucumber_Demo -->
  </suite> <!-- Suite -->
</testng-results>
