<?xml version="1.0" encoding="UTF-8"?>
<!-- Generated by org.testng.reporters.JUnitXMLReporter -->
<testsuite hostname="LAPTOP-KFKBTHVD" name="ScreenShotTest" tests="1" failures="1" timestamp="17 Mar 2018 23:50:39 GMT" time="8.966" errors="0">
  <testcase name="FaceBook_Login" time="8.826" classname="stepDefinition.FaceBook">
    <failure type="java.lang.AssertionError" message="expected:&amp;lt;abc&amp;gt; but was:&amp;lt;Facebook - Log In or Sign Up&amp;gt;">
      <![CDATA[java.lang.AssertionError: expected:<abc> but was:<Facebook - Log In or Sign Up>
	at stepDefinition.FaceBook.FaceBook_Login(FaceBook.java:77)
	at java.util.concurrent.ThreadPoolExecutor.runWorker(ThreadPoolExecutor.java:1142)
	at java.util.concurrent.ThreadPoolExecutor$Worker.run(ThreadPoolExecutor.java:617)
	at java.lang.Thread.run(Thread.java:745)
... Removed 21 stack frames]]>
    </failure>
  </testcase>
</testsuite>
