<?xml version="1.0" encoding="UTF-8"?>
<!-- Generated by org.testng.reporters.JUnitXMLReporter -->
<testsuite hostname="LAPTOP-KFKBTHVD" name="Command line test" tests="2" failures="1" timestamp="27 Aug 2017 18:24:58 GMT" time="45.231" errors="0">
  <testcase name="run_cukes" time="15.976" classname="runnerPackage.TestRunner">
    <failure type="cucumber.runtime.CucumberException" message="java.lang.NullPointerException">
      <![CDATA[cucumber.runtime.CucumberException: java.lang.NullPointerException
	at cucumber.api.testng.AbstractTestNGCucumberTests.run_cukes(AbstractTestNGCucumberTests.java:41)
	at cucumber.api.testng.AbstractTestNGCucumberTests.run(AbstractTestNGCucumberTests.java:47)
Caused by: java.lang.NullPointerException
	at pages_Repository.Practice_Automation_ToolsQA_Repo.setFirstName(Practice_Automation_ToolsQA_Repo.java:47)
	at stepDef.Practice_Automation_ToolsQA_StepDef.performOnPage(Practice_Automation_ToolsQA_StepDef.java:95)
	at ✽.When performOnPage(PA.feature:24)
... Removed 36 stack frames]]>
    </failure>
  </testcase> <!-- run_cukes -->
  <testcase name="automationPractice" time="29.234" classname="tests.Practice_Automation_ToolsQA_Test"/>
</testsuite> <!-- Command line test -->
