<?xml version="1.0" encoding="UTF-8"?>
<!-- Generated by org.testng.reporters.JUnitXMLReporter -->
<testsuite hostname="LAPTOP-KFKBTHVD" name="case1" tests="4" failures="0" timestamp="27 Dec 2016 23:48:09 GMT" time="0.041" errors="0">
  <testcase name="runTest1" time="0.005" classname="com.testng.practice.testng.annotations.TestConfiguration"/>
  <testcase name="runTest2" time="0.001" classname="com.testng.practice.testng.annotations.TestConfiguration"/>
  <testcase name="runOtherTest1" time="0.003" classname="com.testng.practice.testng.annotations.TestDBConnection"/>
  <testcase name="runOtherTest2" time="0.003" classname="com.testng.practice.testng.annotations.TestDBConnection"/>
</testsuite> <!-- case1 -->
