<?xml version="1.0" encoding="UTF-8"?>
<testng-results skipped="0" failed="0" total="1" passed="1">
  <reporter-output>
  </reporter-output>
  <suite name="Command line suite" duration-ms="91" started-at="2017-12-24T02:36:10Z" finished-at="2017-12-24T02:36:10Z">
    <groups>
    </groups>
    <test name="Command line test" duration-ms="91" started-at="2017-12-24T02:36:10Z" finished-at="2017-12-24T02:36:10Z">
      <class name="grpTesting.AppTest">
        <test-method status="PASS" signature="testApp()[pri:0, instance:testApp(grpTesting.AppTest)]" name="testApp" duration-ms="0" started-at="2017-12-23T21:36:10Z" finished-at="2017-12-23T21:36:10Z">
          <reporter-output>
          </reporter-output>
        </test-method> <!-- testApp -->
      </class> <!-- grpTesting.AppTest -->
    </test> <!-- Command line test -->
  </suite> <!-- Command line suite -->
</testng-results>
