<?xml version="1.0" encoding="UTF-8"?>
<testng-results skipped="0" failed="0" total="1" passed="1">
  <reporter-output>
    <line>
      <![CDATA[<div "featureFile">Feature File: toolsqa.feature</div>]]>
    </line>
    <line>
      <![CDATA[<div "feature">Feature: Testing on toolsQA site</div>]]>
    </line>
    <line>
      <![CDATA[<div "scenario">Scenario: Testing on toolsQA site</div>]]>
    </line>
    <line>
      <![CDATA[<div "result">Given  Login And User Enters &quot;FireFox&quot; (passed : 9s)</div>]]>
    </line>
    <line>
      <![CDATA[<div "result">When  PerformOnToolsQAPage (passed : 19s)</div>]]>
    </line>
  </reporter-output>
  <suite name="Command line suite" duration-ms="47" started-at="2017-09-04T15:38:42Z" finished-at="2017-09-04T15:38:42Z">
    <groups>
    </groups>
    <test name="Command line test" duration-ms="47" started-at="2017-09-04T15:38:42Z" finished-at="2017-09-04T15:38:42Z">
      <class name="grpTesting.AppTest">
        <test-method status="PASS" signature="testApp()[pri:0, instance:testApp(grpTesting.AppTest)]" name="testApp" duration-ms="3" started-at="2017-09-04T11:38:42Z" finished-at="2017-09-04T11:38:42Z">
          <reporter-output>
          </reporter-output>
        </test-method> <!-- testApp -->
      </class> <!-- grpTesting.AppTest -->
    </test> <!-- Command line test -->
  </suite> <!-- Command line suite -->
</testng-results>
