<?xml version="1.0" encoding="UTF-8"?>
<testng-results skipped="0" failed="0" total="2" passed="2">
  <reporter-output>
  </reporter-output>
  <suite name="Suite" duration-ms="12721" started-at="2017-09-04T00:01:52Z" finished-at="2017-09-04T00:02:05Z">
    <groups>
    </groups>
    <test name="FireFox-Test" duration-ms="12721" started-at="2017-09-04T00:01:52Z" finished-at="2017-09-04T00:02:05Z">
      <class name="stepDefinition.Practice_Automation_ToolsQA_StepDef">
        <test-method status="PASS" signature="automationPractice()[pri:0, instance:stepDefinition.Practice_Automation_ToolsQA_StepDef@67784306]" name="automationPractice" duration-ms="8949" started-at="2017-09-03T20:01:52Z" finished-at="2017-09-03T20:02:01Z">
          <reporter-output>
          </reporter-output>
        </test-method> <!-- automationPractice -->
        <test-method status="PASS" signature="performOnPage()[pri:0, instance:stepDefinition.Practice_Automation_ToolsQA_StepDef@67784306]" name="performOnPage" duration-ms="3753" started-at="2017-09-03T20:02:01Z" finished-at="2017-09-03T20:02:05Z">
          <reporter-output>
          </reporter-output>
        </test-method> <!-- performOnPage -->
      </class> <!-- stepDefinition.Practice_Automation_ToolsQA_StepDef -->
    </test> <!-- FireFox-Test -->
  </suite> <!-- Suite -->
</testng-results>
