<?xml version="1.0" encoding="UTF-8"?>
<!-- Generated by org.testng.reporters.JUnitXMLReporter -->
<testsuite hostname="LAPTOP-KFKBTHVD" name="Execute Automation Maven TestNG Test " tests="3" failures="0" timestamp="26 Dec 2017 13:54:43 GMT" time="4.899" errors="0">
  <testcase name="EA_StepDef1" time="3.042" classname="stepDefinition.EA_StepDef"/>
  <testcase name="Login" time="1.43" classname="stepDefinition.EA_StepDef"/>
  <testcase name="perform" time="0.404" classname="stepDefinition.EA_StepDef"/>
</testsuite> <!-- Execute Automation Maven TestNG Test  -->
