<?xml version="1.0" encoding="UTF-8"?>
<testng-results skipped="0" failed="0" total="13" passed="13">
  <reporter-output>
  </reporter-output>
  <suite name="Suite" duration-ms="10255" started-at="2018-03-18T21:46:21Z" finished-at="2018-03-18T21:46:31Z">
    <groups>
    </groups>
    <test name="ScreenShotTest" duration-ms="947" started-at="2018-03-18T21:46:21Z" finished-at="2018-03-18T21:46:22Z">
      <class name="stepDefinition.FaceBook">
        <test-method status="PASS" signature="FaceBook_Login()[pri:0, instance:stepDefinition.FaceBook@47c62251]" name="FaceBook_Login" duration-ms="926" started-at="2018-03-18T21:46:21Z" finished-at="2018-03-18T21:46:22Z">
        </test-method>
      </class>
    </test>
    <test name="Test" duration-ms="10255" started-at="2018-03-18T21:46:21Z" finished-at="2018-03-18T21:46:31Z">
      <class name="stepDefinition.Practice_Automation_ToolsQA_Repo">
        <test-method status="PASS" signature="LaunchBrowser()[pri:0, instance:stepDefinition.Practice_Automation_ToolsQA_Repo@18be83e4]" name="LaunchBrowser" duration-ms="7912" started-at="2018-03-18T21:46:21Z" finished-at="2018-03-18T21:46:29Z">
        </test-method>
        <test-method status="PASS" signature="downLoadFile(java.lang.String)[pri:0, instance:stepDefinition.Practice_Automation_ToolsQA_Repo@18be83e4]" name="downLoadFile" duration-ms="332" started-at="2018-03-18T21:46:29Z" finished-at="2018-03-18T21:46:29Z">
          <params>
            <param index="0">
              <value>
                <![CDATA[C:/WorkSpace/SeleniumProject_EA_MavenPro_Sample/AutoIt_Scripts/FileDownLoad.exe]]>
              </value>
            </param>
          </params>
        </test-method>
        <test-method status="PASS" signature="selectAutomationTool(java.lang.String)[pri:0, instance:stepDefinition.Practice_Automation_ToolsQA_Repo@18be83e4]" name="selectAutomationTool" duration-ms="200" started-at="2018-03-18T21:46:29Z" finished-at="2018-03-18T21:46:29Z">
          <params>
            <param index="0">
              <value>
                <![CDATA[qtp]]>
              </value>
            </param>
          </params>
        </test-method>
        <test-method status="PASS" signature="selectContinents(java.lang.String)[pri:0, instance:stepDefinition.Practice_Automation_ToolsQA_Repo@18be83e4]" name="selectContinents" duration-ms="266" started-at="2018-03-18T21:46:29Z" finished-at="2018-03-18T21:46:29Z">
          <params>
            <param index="0">
              <value>
                <![CDATA[Europe]]>
              </value>
            </param>
          </params>
        </test-method>
        <test-method status="PASS" signature="selectProfession(java.lang.String)[pri:0, instance:stepDefinition.Practice_Automation_ToolsQA_Repo@18be83e4]" name="selectProfession" duration-ms="176" started-at="2018-03-18T21:46:29Z" finished-at="2018-03-18T21:46:29Z">
          <params>
            <param index="0">
              <value>
                <![CDATA[Manual Tester]]>
              </value>
            </param>
          </params>
        </test-method>
        <test-method status="PASS" signature="selectSeleniumCommands(java.lang.String)[pri:0, instance:stepDefinition.Practice_Automation_ToolsQA_Repo@18be83e4]" name="selectSeleniumCommands" duration-ms="527" started-at="2018-03-18T21:46:29Z" finished-at="2018-03-18T21:46:30Z">
          <params>
            <param index="0">
              <value>
                <![CDATA[]]>
              </value>
            </param>
          </params>
        </test-method>
        <test-method status="PASS" signature="setDate(java.lang.String)[pri:0, instance:stepDefinition.Practice_Automation_ToolsQA_Repo@18be83e4]" name="setDate" duration-ms="171" started-at="2018-03-18T21:46:30Z" finished-at="2018-03-18T21:46:30Z">
          <params>
            <param index="0">
              <value>
                <![CDATA[12/20/1988]]>
              </value>
            </param>
          </params>
        </test-method>
        <test-method status="PASS" signature="upLoadFile(java.lang.String)[pri:0, instance:stepDefinition.Practice_Automation_ToolsQA_Repo@18be83e4]" name="upLoadFile" duration-ms="118" started-at="2018-03-18T21:46:30Z" finished-at="2018-03-18T21:46:30Z">
          <params>
            <param index="0">
              <value>
                <![CDATA[C:/WorkSpace/SeleniumProject_EA_MavenPro_Sample/AutoIt_Scripts/FileUpload.exe]]>
              </value>
            </param>
          </params>
        </test-method>
        <test-method status="PASS" signature="setFirstName(java.lang.String)[pri:1, instance:stepDefinition.Practice_Automation_ToolsQA_Repo@18be83e4]" name="setFirstName" duration-ms="158" started-at="2018-03-18T21:46:30Z" finished-at="2018-03-18T21:46:30Z">
          <params>
            <param index="0">
              <value>
                <![CDATA[Raja]]>
              </value>
            </param>
          </params>
        </test-method>
        <test-method status="PASS" signature="setLastName(java.lang.String)[pri:2, instance:stepDefinition.Practice_Automation_ToolsQA_Repo@18be83e4]" name="setLastName" duration-ms="103" started-at="2018-03-18T21:46:30Z" finished-at="2018-03-18T21:46:31Z">
          <params>
            <param index="0">
              <value>
                <![CDATA[S]]>
              </value>
            </param>
          </params>
        </test-method>
        <test-method status="PASS" signature="selectSex(java.lang.String)[pri:3, instance:stepDefinition.Practice_Automation_ToolsQA_Repo@18be83e4]" name="selectSex" duration-ms="156" started-at="2018-03-18T21:46:31Z" finished-at="2018-03-18T21:46:31Z">
          <params>
            <param index="0">
              <value>
                <![CDATA[m]]>
              </value>
            </param>
          </params>
        </test-method>
        <test-method status="PASS" signature="selectYearsOfExperience(java.lang.String)[pri:4, instance:stepDefinition.Practice_Automation_ToolsQA_Repo@18be83e4]" name="selectYearsOfExperience" duration-ms="110" started-at="2018-03-18T21:46:31Z" finished-at="2018-03-18T21:46:31Z">
          <params>
            <param index="0">
              <value>
                <![CDATA[7]]>
              </value>
            </param>
          </params>
        </test-method>
      </class>
    </test>
  </suite>
</testng-results>
