<?xml version="1.0" encoding="UTF-8"?>
<testng-results skipped="0" failed="0" total="3" passed="3">
  <reporter-output>
  </reporter-output>
  <suite name="Suite" duration-ms="4684" started-at="2017-12-26T20:56:34Z" finished-at="2017-12-26T20:56:39Z">
    <groups>
    </groups>
    <test name="Test" duration-ms="4684" started-at="2017-12-26T20:56:34Z" finished-at="2017-12-26T20:56:39Z">
      <class name="stepDefinition.EA_StepDef">
        <test-method status="PASS" signature="EA_StepDef1()[pri:0, instance:stepDefinition.EA_StepDef@396a51ab]" name="EA_StepDef1" duration-ms="2921" started-at="2017-12-26T20:56:34Z" finished-at="2017-12-26T20:56:37Z">
        </test-method>
        <test-method status="PASS" signature="Login()[pri:1, instance:stepDefinition.EA_StepDef@396a51ab]" name="Login" duration-ms="1372" started-at="2017-12-26T20:56:37Z" finished-at="2017-12-26T20:56:38Z">
        </test-method>
        <test-method status="PASS" signature="perform()[pri:2, instance:stepDefinition.EA_StepDef@396a51ab]" name="perform" duration-ms="371" started-at="2017-12-26T20:56:38Z" finished-at="2017-12-26T20:56:39Z">
        </test-method>
      </class>
    </test>
  </suite>
</testng-results>
