<?xml version="1.0" encoding="UTF-8"?>
<testng-results skipped="0" failed="0" total="1" passed="1">
  <reporter-output>
  </reporter-output>
  <suite name="runnerPackage.TestRunner" duration-ms="16902" started-at="2017-12-29T21:31:30Z" finished-at="2017-12-29T21:31:47Z">
    <groups>
      <group name="cucumber">
        <method signature="AbstractTestNGCucumberTests.feature(cucumber.api.testng.CucumberFeatureWrapper)[pri:0, instance:runnerPackage.TestRunner@6537cf78]" name="feature" class="cucumber.api.testng.AbstractTestNGCucumberTests"/>
      </group>
    </groups>
    <test name="Command line test" duration-ms="16902" started-at="2017-12-29T21:31:30Z" finished-at="2017-12-29T21:31:47Z">
      <class name="runnerPackage.TestRunner">
        <test-method status="PASS" signature="setUpClass()[pri:0, instance:runnerPackage.TestRunner@6537cf78]" name="setUpClass" is-config="true" duration-ms="218" started-at="2017-12-29T21:31:30Z" finished-at="2017-12-29T21:31:31Z">
        </test-method>
        <test-method status="PASS" signature="feature(cucumber.api.testng.CucumberFeatureWrapper)[pri:0, instance:runnerPackage.TestRunner@6537cf78]" name="feature" duration-ms="16601" started-at="2017-12-29T21:31:31Z" description="Runs Cucumber Feature" finished-at="2017-12-29T21:31:47Z">
          <params>
            <param index="0">
              <value>
                <![CDATA[Testing on Execute Automation Demo site]]>
              </value>
            </param>
          </params>
        </test-method>
        <test-method status="PASS" signature="tearDownClass()[pri:0, instance:runnerPackage.TestRunner@6537cf78]" name="tearDownClass" is-config="true" duration-ms="11" started-at="2017-12-29T21:31:47Z" finished-at="2017-12-29T21:31:47Z">
        </test-method>
      </class>
    </test>
  </suite>
</testng-results>
