<?xml version="1.0" encoding="UTF-8"?>
<testsuite name="TestSuite" time="8.113" tests="4" errors="0" skipped="0" failures="1">
  <properties>
[...]
</properties>
  <testcase name="EA_StepDef1" classname="stepDefinition.EA_StepDef" time="3.236"/>
  <testcase name="Login" classname="stepDefinition.EA_StepDef" time="1.599"/>
  <testcase name="perform" classname="stepDefinition.EA_StepDef" time="0.675"/>
  <testcase name="FaceBook_Login" classname="stepDefinition.FaceBook" time="2.603">
    <failure message="expected:&lt;abc&gt; but was:&lt;Facebook - Log In or Sign Up&gt;" type="java.lang.AssertionError"><![CDATA[java.lang.AssertionError: expected:<abc> but was:<Facebook - Log In or Sign Up>
	at org.testng.Assert.fail(Assert.java:89)
	at org.testng.Assert.failNotEquals(Assert.java:489)
	at org.testng.Assert.assertEquals(Assert.java:118)
	at org.testng.Assert.assertEquals(Assert.java:171)
	at org.testng.Assert.assertEquals(Assert.java:181)
	at stepDefinition.FaceBook.FaceBook_Login(FaceBook.java:77)
]]></failure>
  </testcase>
</testsuite>